
[31m │  ⚠  Warning from the Material for MkDocs team[0m
[31m │[0m
[31m │[0m  MkDocs 2.0, the underlying framework of Material for MkDocs,
[31m │[0m  will introduce backward-incompatible changes, including:
[31m │[0m
[31m │  × [0mAll plugins will stop working – the plugin system has been removed
[31m │  × [0mAll theme overrides will break – the theming system has been rewritten
[31m │  × [0mNo migration path exists – existing projects cannot be upgraded
[31m │  × [0mClosed contribution model – community members can't report bugs
[31m │  × [0mCurrently unlicensed – unsuitable for production use
[31m │[0m
[31m │[0m  Our full analysis:
[31m │[0m
[31m │[0m  [4mhttps://squidfunk.github.io/mkdocs-material/blog/2026/02/18/mkdocs-2.0/[0m
[0m
INFO    -  Building documentation...
INFO    -  Cleaning site directory
WARNING -  Doc file 'network/index.md' contains a link 'camera/index.md', but the target 'network/camera/index.md' is not found among documentation files.
WARNING -  Doc file 'system/proxmox/index.md' contains a link 'quan-ly-vm.md', but the target 'system/proxmox/quan-ly-vm.md' is not found among documentation files.
INFO    -  Documentation built in 0.48 seconds
INFO    -  [15:21:13] Serving on http://0.0.0.0:8001/
